<?xml version="1.0" encoding="UTF-8"?>
<testng-results skipped="0" failed="0" total="1" passed="1">
  <reporter-output>
  </reporter-output>
  <suite name="Default suite" duration-ms="59" started-at="2023-09-16T05:06:38Z" finished-at="2023-09-16T05:06:39Z">
    <groups>
    </groups>
    <test name="Default test" duration-ms="59" started-at="2023-09-16T05:06:38Z" finished-at="2023-09-16T05:06:39Z">
      <class name="org.firstprject.day2">
        <test-method status="PASS" signature="test1()[pri:0, instance:org.firstprject.day2@4c70fda8]" name="test1" duration-ms="25" started-at="2023-09-15T22:06:38Z" finished-at="2023-09-15T22:06:39Z">
          <reporter-output>
          </reporter-output>
        </test-method> <!-- test1 -->
      </class> <!-- org.firstprject.day2 -->
    </test> <!-- Default test -->
  </suite> <!-- Default suite -->
</testng-results>
